<?xml version="1.0" encoding="UTF-8"?>
<!-- Generated by org.testng.reporters.JUnitReportReporter -->
<testsuite hostname="DESKTOP-EM7FEGR" failures="0" tests="2" name="com.swaglabs.testcases.AddToCartPageTest" time="29.342" errors="0" timestamp="2023-12-11T19:36:33 IST" skipped="0">
  <testcase classname="com.swaglabs.testcases.AddToCartPageTest" name="clickContinueShoppingBtnTest" time="14.166"/>
  <system-out/>
  <testcase classname="com.swaglabs.testcases.AddToCartPageTest" name="clickCheckoutBtnTest" time="15.176"/>
  <system-out/>
</testsuite> <!-- com.swaglabs.testcases.AddToCartPageTest -->
