<?xml version="1.0" encoding="UTF-8"?>
<!-- Generated by org.testng.reporters.JUnitReportReporter -->
<testsuite hostname="DESKTOP-EM7FEGR" failures="0" tests="1" name="com.swaglabs.testcases.DetailsPageTest" time="43.467" errors="0" timestamp="2023-12-11T19:36:33 IST" skipped="0">
  <testcase classname="com.swaglabs.testcases.DetailsPageTest" name="addCartTestDetailsPage" time="43.467"/>
  <system-out/>
</testsuite> <!-- com.swaglabs.testcases.DetailsPageTest -->
