<?xml version="1.0" encoding="UTF-8"?>
<!-- Generated by org.testng.reporters.JUnitReportReporter -->
<testsuite hostname="DESKTOP-EM7FEGR" failures="0" tests="8" name="com.swaglabs.testcases.HomePageTest" time="148.334" errors="0" timestamp="2023-12-11T19:36:33 IST" skipped="0">
  <testcase classname="com.swaglabs.testcases.HomePageTest" name="countProductTest" time="11.700"/>
  <system-out/>
  <testcase classname="com.swaglabs.testcases.HomePageTest" name="productTitleTest" time="37.691"/>
  <system-out/>
  <testcase classname="com.swaglabs.testcases.HomePageTest" name="cartLogoVisibilityTest" time="11.101"/>
  <system-out/>
  <testcase classname="com.swaglabs.testcases.HomePageTest" name="clickCartLogoTest" time="15.061"/>
  <system-out/>
  <testcase classname="com.swaglabs.testcases.HomePageTest" name="getCartTextTest" time="23.589"/>
  <system-out/>
  <testcase classname="com.swaglabs.testcases.HomePageTest" name="menuAllItemsBtnTest" time="15.200"/>
  <system-out/>
  <testcase classname="com.swaglabs.testcases.HomePageTest" name="menuAboutBtnTest" time="18.303"/>
  <system-out/>
  <testcase classname="com.swaglabs.testcases.HomePageTest" name="menuLogoutBtnTest" time="15.689"/>
  <system-out/>
</testsuite> <!-- com.swaglabs.testcases.HomePageTest -->
